2025-03-20 12:03:36,036 - INFO - Created backup of original config at prune_nnunet/config.yaml.backup
2025-03-20 12:03:36,036 - INFO - Starting parameter sweep with 2 combinations
2025-03-20 12:03:36,036 - INFO - Running combination 1/2:
2025-03-20 12:03:36,036 - INFO -   abs_val = 0
2025-03-20 12:03:36,036 - INFO -   prune_bias = True
2025-03-20 12:03:36,036 - INFO -   prune_weights = True
2025-03-20 12:03:36,036 - INFO -   prune_layers = ['encoder.stages.5.0.convs.0.conv', 'encoder.stages.5.0.convs.1.conv']
2025-03-20 12:05:23,440 - INFO - Finished combination 1/2
2025-03-20 12:05:23,440 - INFO - Running combination 2/2:
2025-03-20 12:05:23,440 - INFO -   abs_val = 0.1
2025-03-20 12:05:23,441 - INFO -   prune_bias = True
2025-03-20 12:05:23,441 - INFO -   prune_weights = True
2025-03-20 12:05:23,441 - INFO -   prune_layers = ['encoder.stages.5.0.convs.0.conv', 'encoder.stages.5.0.convs.1.conv']
2025-03-20 12:07:11,297 - INFO - Finished combination 2/2
2025-03-20 12:07:11,297 - INFO - Restored original config from prune_nnunet/config.yaml.backup
2025-03-20 12:07:11,297 - INFO - Parameter sweep completed
2025-03-20 12:46:45,350 - INFO - Created backup of original config at prune_nnunet/config.yaml.backup
2025-03-20 12:46:45,350 - INFO - Starting parameter sweep with 2 combinations
2025-03-20 12:46:45,350 - INFO - Running combination 1/2:
2025-03-20 12:46:45,350 - INFO -   abs_val = 0
2025-03-20 12:46:45,350 - INFO -   prune_bias = True
2025-03-20 12:46:45,350 - INFO -   prune_weights = True
2025-03-20 12:46:45,350 - INFO -   prune_layers = ['encoder.stages.5.0.convs.0.conv', 'encoder.stages.5.0.convs.1.conv', 'decoder.transpconvs.0']
2025-03-20 12:48:35,442 - INFO - Finished combination 1/2
2025-03-20 12:48:35,442 - INFO - Running combination 2/2:
2025-03-20 12:48:35,442 - INFO -   abs_val = 0.1
2025-03-20 12:48:35,442 - INFO -   prune_bias = True
2025-03-20 12:48:35,442 - INFO -   prune_weights = True
2025-03-20 12:48:35,442 - INFO -   prune_layers = ['encoder.stages.5.0.convs.0.conv', 'encoder.stages.5.0.convs.1.conv', 'decoder.transpconvs.0']
2025-03-20 12:50:22,772 - INFO - Finished combination 2/2
2025-03-20 12:50:22,773 - INFO - Restored original config from prune_nnunet/config.yaml.backup
2025-03-20 12:50:22,773 - INFO - Parameter sweep completed
2025-03-20 13:08:53,451 - INFO - Created backup of original config at prune_nnunet/config.yaml.backup
2025-03-20 13:08:53,451 - INFO - Starting parameter sweep with 10 combinations
2025-03-20 13:08:53,451 - INFO - Running combination 1/10:
2025-03-20 13:08:53,451 - INFO -   abs_val = 0
2025-03-20 13:08:53,451 - INFO -   prune_bias = True
2025-03-20 13:08:53,451 - INFO -   prune_weights = True
2025-03-20 13:08:53,451 - INFO -   prune_layers = ['encoder.stages.5.0.convs.0.conv', 'encoder.stages.5.0.convs.1.conv', 'decoder.transpconvs.0']
2025-03-20 13:10:39,092 - INFO - Finished combination 1/10
2025-03-20 13:10:39,092 - INFO - Running combination 2/10:
2025-03-20 13:10:39,092 - INFO -   abs_val = 0
2025-03-20 13:10:39,092 - INFO -   prune_bias = True
2025-03-20 13:10:39,092 - INFO -   prune_weights = True
2025-03-20 13:10:39,092 - INFO -   prune_layers = ['encoder.stages.5.0.convs.0.conv', 'encoder.stages.5.0.convs.1.conv', 'decoder.transpconvs.0', 'decoder.transpconvs.1']
2025-03-20 13:12:25,873 - INFO - Finished combination 2/10
2025-03-20 13:12:25,873 - INFO - Running combination 3/10:
2025-03-20 13:12:25,873 - INFO -   abs_val = 0
2025-03-20 13:12:25,873 - INFO -   prune_bias = True
2025-03-20 13:12:25,873 - INFO -   prune_weights = True
2025-03-20 13:12:25,873 - INFO -   prune_layers = ['encoder.stages.5.0.convs.0.conv', 'encoder.stages.5.0.convs.1.conv', 'decoder.transpconvs.0', 'decoder.transpconvs.1', 'decoder.transpconvs.2']
2025-03-20 13:14:13,090 - INFO - Finished combination 3/10
2025-03-20 13:14:13,090 - INFO - Running combination 4/10:
2025-03-20 13:14:13,090 - INFO -   abs_val = 0
2025-03-20 13:14:13,090 - INFO -   prune_bias = True
2025-03-20 13:14:13,091 - INFO -   prune_weights = True
2025-03-20 13:14:13,091 - INFO -   prune_layers = ['encoder.stages.5.0.convs.0.conv', 'encoder.stages.5.0.convs.1.conv', 'decoder.transpconvs.0', 'decoder.transpconvs.1', 'decoder.transpconvs.2', 'decoder.transpconvs.3']
2025-03-20 13:16:02,038 - INFO - Finished combination 4/10
2025-03-20 13:16:02,039 - INFO - Running combination 5/10:
2025-03-20 13:16:02,039 - INFO -   abs_val = 0
2025-03-20 13:16:02,039 - INFO -   prune_bias = True
2025-03-20 13:16:02,039 - INFO -   prune_weights = True
2025-03-20 13:16:02,039 - INFO -   prune_layers = ['encoder.stages.5.0.convs.0.conv', 'encoder.stages.5.0.convs.1.conv', 'decoder.transpconvs.0', 'decoder.transpconvs.1', 'decoder.transpconvs.2', 'decoder.transpconvs.3', 'decoder.transpconvs.4']
2025-03-20 13:17:49,295 - INFO - Finished combination 5/10
2025-03-20 13:17:49,296 - INFO - Running combination 6/10:
2025-03-20 13:17:49,296 - INFO -   abs_val = 9
2025-03-20 13:17:49,296 - INFO -   prune_bias = True
2025-03-20 13:17:49,296 - INFO -   prune_weights = True
2025-03-20 13:17:49,296 - INFO -   prune_layers = ['encoder.stages.5.0.convs.0.conv', 'encoder.stages.5.0.convs.1.conv', 'decoder.transpconvs.0']
2025-03-20 13:19:38,133 - INFO - Finished combination 6/10
2025-03-20 13:19:38,133 - INFO - Running combination 7/10:
2025-03-20 13:19:38,133 - INFO -   abs_val = 9
2025-03-20 13:19:38,133 - INFO -   prune_bias = True
2025-03-20 13:19:38,133 - INFO -   prune_weights = True
2025-03-20 13:19:38,133 - INFO -   prune_layers = ['encoder.stages.5.0.convs.0.conv', 'encoder.stages.5.0.convs.1.conv', 'decoder.transpconvs.0', 'decoder.transpconvs.1']
2025-03-20 13:21:28,446 - INFO - Finished combination 7/10
2025-03-20 13:21:28,446 - INFO - Running combination 8/10:
2025-03-20 13:21:28,446 - INFO -   abs_val = 9
2025-03-20 13:21:28,446 - INFO -   prune_bias = True
2025-03-20 13:21:28,446 - INFO -   prune_weights = True
2025-03-20 13:21:28,446 - INFO -   prune_layers = ['encoder.stages.5.0.convs.0.conv', 'encoder.stages.5.0.convs.1.conv', 'decoder.transpconvs.0', 'decoder.transpconvs.1', 'decoder.transpconvs.2']
2025-03-20 13:23:16,856 - INFO - Finished combination 8/10
2025-03-20 13:23:16,856 - INFO - Running combination 9/10:
2025-03-20 13:23:16,856 - INFO -   abs_val = 9
2025-03-20 13:23:16,856 - INFO -   prune_bias = True
2025-03-20 13:23:16,856 - INFO -   prune_weights = True
2025-03-20 13:23:16,856 - INFO -   prune_layers = ['encoder.stages.5.0.convs.0.conv', 'encoder.stages.5.0.convs.1.conv', 'decoder.transpconvs.0', 'decoder.transpconvs.1', 'decoder.transpconvs.2', 'decoder.transpconvs.3']
2025-03-20 13:25:06,920 - INFO - Finished combination 9/10
2025-03-20 13:25:06,921 - INFO - Running combination 10/10:
2025-03-20 13:25:06,921 - INFO -   abs_val = 9
2025-03-20 13:25:06,921 - INFO -   prune_bias = True
2025-03-20 13:25:06,921 - INFO -   prune_weights = True
2025-03-20 13:25:06,921 - INFO -   prune_layers = ['encoder.stages.5.0.convs.0.conv', 'encoder.stages.5.0.convs.1.conv', 'decoder.transpconvs.0', 'decoder.transpconvs.1', 'decoder.transpconvs.2', 'decoder.transpconvs.3', 'decoder.transpconvs.4']
2025-03-20 13:26:56,316 - INFO - Finished combination 10/10
2025-03-20 13:26:56,316 - INFO - Restored original config from prune_nnunet/config.yaml.backup
2025-03-20 13:26:56,316 - INFO - Parameter sweep completed
2025-03-20 14:55:11,281 - INFO - Created backup of original config at prune_nnunet/config.yaml.backup
2025-03-20 14:55:11,281 - INFO - Starting parameter sweep with 10 combinations
2025-03-20 14:55:11,282 - INFO - Running combination 1/10:
2025-03-20 14:55:11,282 - INFO -   prune_data_flow = encoder
2025-03-20 14:55:11,282 - INFO -   prune_bias = True
2025-03-20 14:55:11,282 - INFO -   prune_weights = True
2025-03-20 14:55:11,282 - INFO -   prune_layers = ['decoder.stages.0.convs.0.conv']
2025-03-20 14:56:59,900 - INFO - Finished combination 1/10
2025-03-20 14:56:59,900 - INFO - Running combination 2/10:
2025-03-20 14:56:59,900 - INFO -   prune_data_flow = encoder
2025-03-20 14:56:59,900 - INFO -   prune_bias = True
2025-03-20 14:56:59,900 - INFO -   prune_weights = True
2025-03-20 14:56:59,900 - INFO -   prune_layers = ['decoder.stages.0.convs.0.conv', 'decoder.stages.1.convs.0.conv']
2025-03-20 14:58:48,178 - INFO - Finished combination 2/10
2025-03-20 14:58:48,178 - INFO - Running combination 3/10:
2025-03-20 14:58:48,178 - INFO -   prune_data_flow = encoder
2025-03-20 14:58:48,178 - INFO -   prune_bias = True
2025-03-20 14:58:48,178 - INFO -   prune_weights = True
2025-03-20 14:58:48,178 - INFO -   prune_layers = ['decoder.stages.0.convs.0.conv', 'decoder.stages.1.convs.0.conv', 'decoder.stages.2.convs.0.conv']
2025-03-20 15:00:36,149 - INFO - Finished combination 3/10
2025-03-20 15:00:36,150 - INFO - Running combination 4/10:
2025-03-20 15:00:36,150 - INFO -   prune_data_flow = encoder
2025-03-20 15:00:36,150 - INFO -   prune_bias = True
2025-03-20 15:00:36,150 - INFO -   prune_weights = True
2025-03-20 15:00:36,150 - INFO -   prune_layers = ['decoder.stages.0.convs.0.conv', 'decoder.stages.1.convs.0.conv', 'decoder.stages.2.convs.0.conv', 'decoder.stages.3.convs.0.conv']
2025-03-20 15:02:25,679 - INFO - Finished combination 4/10
2025-03-20 15:02:25,679 - INFO - Running combination 5/10:
2025-03-20 15:02:25,679 - INFO -   prune_data_flow = encoder
2025-03-20 15:02:25,679 - INFO -   prune_bias = True
2025-03-20 15:02:25,679 - INFO -   prune_weights = True
2025-03-20 15:02:25,679 - INFO -   prune_layers = ['decoder.stages.0.convs.0.conv', 'decoder.stages.1.convs.0.conv', 'decoder.stages.2.convs.0.conv', 'decoder.stages.3.convs.0.conv', 'decoder.stages.4.convs.0.conv']
2025-03-20 15:04:13,359 - INFO - Finished combination 5/10
2025-03-20 15:04:13,359 - INFO - Running combination 6/10:
2025-03-20 15:04:13,359 - INFO -   prune_data_flow = decoder
2025-03-20 15:04:13,359 - INFO -   prune_bias = True
2025-03-20 15:04:13,359 - INFO -   prune_weights = True
2025-03-20 15:04:13,359 - INFO -   prune_layers = ['decoder.stages.0.convs.0.conv']
2025-03-20 15:06:03,493 - INFO - Finished combination 6/10
2025-03-20 15:06:03,494 - INFO - Running combination 7/10:
2025-03-20 15:06:03,494 - INFO -   prune_data_flow = decoder
2025-03-20 15:06:03,494 - INFO -   prune_bias = True
2025-03-20 15:06:03,494 - INFO -   prune_weights = True
2025-03-20 15:06:03,494 - INFO -   prune_layers = ['decoder.stages.0.convs.0.conv', 'decoder.stages.1.convs.0.conv']
2025-03-20 15:13:36,418 - INFO - Created backup of original config at prune_nnunet/config.yaml.backup
2025-03-20 15:13:36,418 - INFO - Starting parameter sweep with 15 combinations
2025-03-20 15:13:36,418 - INFO - Running combination 1/15:
2025-03-20 15:13:36,418 - INFO -   prune_data_flow = encoder
2025-03-20 15:13:36,418 - INFO -   prune_bias = True
2025-03-20 15:13:36,418 - INFO -   prune_weights = True
2025-03-20 15:13:36,418 - INFO -   prune_layers = ['decoder.stages.0.convs.0.conv']
2025-03-20 15:15:25,680 - INFO - Finished combination 1/15
2025-03-20 15:15:25,681 - INFO - Running combination 2/15:
2025-03-20 15:15:25,681 - INFO -   prune_data_flow = encoder
2025-03-20 15:15:25,681 - INFO -   prune_bias = True
2025-03-20 15:15:25,681 - INFO -   prune_weights = True
2025-03-20 15:15:25,681 - INFO -   prune_layers = ['decoder.stages.0.convs.0.conv', 'decoder.stages.1.convs.0.conv']
2025-03-20 15:17:17,108 - INFO - Finished combination 2/15
2025-03-20 15:17:17,108 - INFO - Running combination 3/15:
2025-03-20 15:17:17,108 - INFO -   prune_data_flow = encoder
2025-03-20 15:17:17,108 - INFO -   prune_bias = True
2025-03-20 15:17:17,108 - INFO -   prune_weights = True
2025-03-20 15:17:17,108 - INFO -   prune_layers = ['decoder.stages.0.convs.0.conv', 'decoder.stages.1.convs.0.conv', 'decoder.stages.2.convs.0.conv']
2025-03-20 15:17:19,932 - INFO - Finished combination 3/15
2025-03-20 15:17:19,932 - INFO - Running combination 4/15:
2025-03-20 15:17:19,932 - INFO -   prune_data_flow = encoder
2025-03-20 15:17:19,932 - INFO -   prune_bias = True
2025-03-20 15:17:19,932 - INFO -   prune_weights = True
2025-03-20 15:17:19,932 - INFO -   prune_layers = ['decoder.stages.0.convs.0.conv', 'decoder.stages.1.convs.0.conv', 'decoder.stages.2.convs.0.conv', 'decoder.stages.3.convs.0.conv']
2025-03-20 15:17:22,774 - INFO - Finished combination 4/15
2025-03-20 15:17:22,775 - INFO - Running combination 5/15:
2025-03-20 15:17:22,775 - INFO -   prune_data_flow = encoder
2025-03-20 15:17:22,775 - INFO -   prune_bias = True
2025-03-20 15:17:22,775 - INFO -   prune_weights = True
2025-03-20 15:17:22,775 - INFO -   prune_layers = ['decoder.stages.0.convs.0.conv', 'decoder.stages.1.convs.0.conv', 'decoder.stages.2.convs.0.conv', 'decoder.stages.3.convs.0.conv', 'decoder.stages.4.convs.0.conv']
2025-03-20 15:17:25,583 - INFO - Finished combination 5/15
2025-03-20 15:17:25,584 - INFO - Running combination 6/15:
2025-03-20 15:17:25,584 - INFO -   prune_data_flow = decoder
2025-03-20 15:17:25,584 - INFO -   prune_bias = True
2025-03-20 15:17:25,584 - INFO -   prune_weights = True
2025-03-20 15:17:25,584 - INFO -   prune_layers = ['decoder.stages.0.convs.0.conv']
2025-03-20 15:17:28,393 - INFO - Finished combination 6/15
2025-03-20 15:17:28,393 - INFO - Running combination 7/15:
2025-03-20 15:17:28,394 - INFO -   prune_data_flow = decoder
2025-03-20 15:17:28,394 - INFO -   prune_bias = True
2025-03-20 15:17:28,394 - INFO -   prune_weights = True
2025-03-20 15:17:28,394 - INFO -   prune_layers = ['decoder.stages.0.convs.0.conv', 'decoder.stages.1.convs.0.conv']
2025-03-20 15:17:31,188 - INFO - Finished combination 7/15
2025-03-20 15:17:31,188 - INFO - Running combination 8/15:
2025-03-20 15:17:31,188 - INFO -   prune_data_flow = decoder
2025-03-20 15:17:31,188 - INFO -   prune_bias = True
2025-03-20 15:17:31,188 - INFO -   prune_weights = True
2025-03-20 15:17:31,188 - INFO -   prune_layers = ['decoder.stages.0.convs.0.conv', 'decoder.stages.1.convs.0.conv', 'decoder.stages.2.convs.0.conv']
2025-03-20 15:17:34,053 - INFO - Finished combination 8/15
2025-03-20 15:17:34,053 - INFO - Running combination 9/15:
2025-03-20 15:17:34,053 - INFO -   prune_data_flow = decoder
2025-03-20 15:17:34,053 - INFO -   prune_bias = True
2025-03-20 15:17:34,053 - INFO -   prune_weights = True
2025-03-20 15:17:34,053 - INFO -   prune_layers = ['decoder.stages.0.convs.0.conv', 'decoder.stages.1.convs.0.conv', 'decoder.stages.2.convs.0.conv', 'decoder.stages.3.convs.0.conv']
2025-03-20 15:17:36,850 - INFO - Finished combination 9/15
2025-03-20 15:17:36,850 - INFO - Running combination 10/15:
2025-03-20 15:17:36,850 - INFO -   prune_data_flow = decoder
2025-03-20 15:17:36,850 - INFO -   prune_bias = True
2025-03-20 15:17:36,850 - INFO -   prune_weights = True
2025-03-20 15:17:36,850 - INFO -   prune_layers = ['decoder.stages.0.convs.0.conv', 'decoder.stages.1.convs.0.conv', 'decoder.stages.2.convs.0.conv', 'decoder.stages.3.convs.0.conv', 'decoder.stages.4.convs.0.conv']
2025-03-20 15:17:39,681 - INFO - Finished combination 10/15
2025-03-20 15:17:39,681 - INFO - Running combination 11/15:
2025-03-20 15:17:39,681 - INFO -   prune_data_flow = None
2025-03-20 15:17:39,681 - INFO -   prune_bias = True
2025-03-20 15:17:39,681 - INFO -   prune_weights = True
2025-03-20 15:17:39,681 - INFO -   prune_layers = ['decoder.stages.0.convs.0.conv']
2025-03-20 15:17:42,508 - INFO - Finished combination 11/15
2025-03-20 15:17:42,509 - INFO - Running combination 12/15:
2025-03-20 15:17:42,509 - INFO -   prune_data_flow = None
2025-03-20 15:17:42,509 - INFO -   prune_bias = True
2025-03-20 15:17:42,509 - INFO -   prune_weights = True
2025-03-20 15:17:42,509 - INFO -   prune_layers = ['decoder.stages.0.convs.0.conv', 'decoder.stages.1.convs.0.conv']
2025-03-20 15:17:45,341 - INFO - Finished combination 12/15
2025-03-20 15:17:45,341 - INFO - Running combination 13/15:
2025-03-20 15:17:45,341 - INFO -   prune_data_flow = None
2025-03-20 15:17:45,341 - INFO -   prune_bias = True
2025-03-20 15:17:45,341 - INFO -   prune_weights = True
2025-03-20 15:17:45,342 - INFO -   prune_layers = ['decoder.stages.0.convs.0.conv', 'decoder.stages.1.convs.0.conv', 'decoder.stages.2.convs.0.conv']
2025-03-20 15:17:48,153 - INFO - Finished combination 13/15
2025-03-20 15:17:48,153 - INFO - Running combination 14/15:
2025-03-20 15:17:48,153 - INFO -   prune_data_flow = None
2025-03-20 15:17:48,153 - INFO -   prune_bias = True
2025-03-20 15:17:48,153 - INFO -   prune_weights = True
2025-03-20 15:17:48,153 - INFO -   prune_layers = ['decoder.stages.0.convs.0.conv', 'decoder.stages.1.convs.0.conv', 'decoder.stages.2.convs.0.conv', 'decoder.stages.3.convs.0.conv']
2025-03-20 15:17:51,000 - INFO - Finished combination 14/15
2025-03-20 15:17:51,000 - INFO - Running combination 15/15:
2025-03-20 15:17:51,000 - INFO -   prune_data_flow = None
2025-03-20 15:17:51,000 - INFO -   prune_bias = True
2025-03-20 15:17:51,000 - INFO -   prune_weights = True
2025-03-20 15:17:51,000 - INFO -   prune_layers = ['decoder.stages.0.convs.0.conv', 'decoder.stages.1.convs.0.conv', 'decoder.stages.2.convs.0.conv', 'decoder.stages.3.convs.0.conv', 'decoder.stages.4.convs.0.conv']
2025-03-20 15:17:53,874 - INFO - Finished combination 15/15
2025-03-20 15:17:53,874 - INFO - Restored original config from prune_nnunet/config.yaml.backup
2025-03-20 15:17:53,874 - INFO - Parameter sweep completed
2025-03-20 15:25:36,173 - INFO - Created backup of original config at prune_nnunet/config.yaml.backup
2025-03-20 15:25:36,174 - INFO - Starting parameter sweep with 15 combinations
2025-03-20 15:25:36,174 - INFO - Running combination 1/15:
2025-03-20 15:25:36,174 - INFO -   prune_data_flow = encoder
2025-03-20 15:25:36,174 - INFO -   prune_bias = True
2025-03-20 15:25:36,174 - INFO -   prune_weights = True
2025-03-20 15:25:36,174 - INFO -   prune_layers = ['decoder.stages.0.convs.0.conv']
2025-03-20 15:27:24,661 - INFO - Finished combination 1/15
2025-03-20 15:27:24,661 - INFO - Running combination 2/15:
2025-03-20 15:27:24,661 - INFO -   prune_data_flow = encoder
2025-03-20 15:27:24,661 - INFO -   prune_bias = True
2025-03-20 15:27:24,661 - INFO -   prune_weights = True
2025-03-20 15:27:24,661 - INFO -   prune_layers = ['decoder.stages.0.convs.0.conv', 'decoder.stages.1.convs.0.conv']
2025-03-20 15:29:13,055 - INFO - Finished combination 2/15
2025-03-20 15:29:13,055 - INFO - Running combination 3/15:
2025-03-20 15:29:13,055 - INFO -   prune_data_flow = encoder
2025-03-20 15:29:13,056 - INFO -   prune_bias = True
2025-03-20 15:29:13,056 - INFO -   prune_weights = True
2025-03-20 15:29:13,056 - INFO -   prune_layers = ['decoder.stages.0.convs.0.conv', 'decoder.stages.1.convs.0.conv', 'decoder.stages.2.convs.0.conv']
2025-03-20 15:31:00,208 - INFO - Finished combination 3/15
2025-03-20 15:31:00,208 - INFO - Running combination 4/15:
2025-03-20 15:31:00,208 - INFO -   prune_data_flow = encoder
2025-03-20 15:31:00,208 - INFO -   prune_bias = True
2025-03-20 15:31:00,208 - INFO -   prune_weights = True
2025-03-20 15:31:00,208 - INFO -   prune_layers = ['decoder.stages.0.convs.0.conv', 'decoder.stages.1.convs.0.conv', 'decoder.stages.2.convs.0.conv', 'decoder.stages.3.convs.0.conv']
2025-03-20 15:32:48,624 - INFO - Finished combination 4/15
2025-03-20 15:32:48,624 - INFO - Running combination 5/15:
2025-03-20 15:32:48,624 - INFO -   prune_data_flow = encoder
2025-03-20 15:32:48,624 - INFO -   prune_bias = True
2025-03-20 15:32:48,624 - INFO -   prune_weights = True
2025-03-20 15:32:48,624 - INFO -   prune_layers = ['decoder.stages.0.convs.0.conv', 'decoder.stages.1.convs.0.conv', 'decoder.stages.2.convs.0.conv', 'decoder.stages.3.convs.0.conv', 'decoder.stages.4.convs.0.conv']
2025-03-20 15:34:36,541 - INFO - Finished combination 5/15
2025-03-20 15:34:36,542 - INFO - Running combination 6/15:
2025-03-20 15:34:36,542 - INFO -   prune_data_flow = decoder
2025-03-20 15:34:36,542 - INFO -   prune_bias = True
2025-03-20 15:34:36,542 - INFO -   prune_weights = True
2025-03-20 15:34:36,542 - INFO -   prune_layers = ['decoder.stages.0.convs.0.conv']
2025-03-20 15:36:23,670 - INFO - Finished combination 6/15
2025-03-20 15:36:23,670 - INFO - Running combination 7/15:
2025-03-20 15:36:23,670 - INFO -   prune_data_flow = decoder
2025-03-20 15:36:23,670 - INFO -   prune_bias = True
2025-03-20 15:36:23,670 - INFO -   prune_weights = True
2025-03-20 15:36:23,670 - INFO -   prune_layers = ['decoder.stages.0.convs.0.conv', 'decoder.stages.1.convs.0.conv']
2025-03-20 15:38:10,034 - INFO - Finished combination 7/15
2025-03-20 15:38:10,034 - INFO - Running combination 8/15:
2025-03-20 15:38:10,035 - INFO -   prune_data_flow = decoder
2025-03-20 15:38:10,035 - INFO -   prune_bias = True
2025-03-20 15:38:10,035 - INFO -   prune_weights = True
2025-03-20 15:38:10,035 - INFO -   prune_layers = ['decoder.stages.0.convs.0.conv', 'decoder.stages.1.convs.0.conv', 'decoder.stages.2.convs.0.conv']
2025-03-20 15:39:57,164 - INFO - Finished combination 8/15
2025-03-20 15:39:57,164 - INFO - Running combination 9/15:
2025-03-20 15:39:57,164 - INFO -   prune_data_flow = decoder
2025-03-20 15:39:57,164 - INFO -   prune_bias = True
2025-03-20 15:39:57,165 - INFO -   prune_weights = True
2025-03-20 15:39:57,165 - INFO -   prune_layers = ['decoder.stages.0.convs.0.conv', 'decoder.stages.1.convs.0.conv', 'decoder.stages.2.convs.0.conv', 'decoder.stages.3.convs.0.conv']
2025-03-20 15:41:44,700 - INFO - Finished combination 9/15
2025-03-20 15:41:44,700 - INFO - Running combination 10/15:
2025-03-20 15:41:44,700 - INFO -   prune_data_flow = decoder
2025-03-20 15:41:44,700 - INFO -   prune_bias = True
2025-03-20 15:41:44,700 - INFO -   prune_weights = True
2025-03-20 15:41:44,700 - INFO -   prune_layers = ['decoder.stages.0.convs.0.conv', 'decoder.stages.1.convs.0.conv', 'decoder.stages.2.convs.0.conv', 'decoder.stages.3.convs.0.conv', 'decoder.stages.4.convs.0.conv']
2025-03-20 15:43:35,002 - INFO - Finished combination 10/15
2025-03-20 15:43:35,003 - INFO - Running combination 11/15:
2025-03-20 15:43:35,003 - INFO -   prune_data_flow = None
2025-03-20 15:43:35,003 - INFO -   prune_bias = True
2025-03-20 15:43:35,003 - INFO -   prune_weights = True
2025-03-20 15:43:35,003 - INFO -   prune_layers = ['decoder.stages.0.convs.0.conv']
2025-03-20 15:45:25,578 - INFO - Finished combination 11/15
2025-03-20 15:45:25,578 - INFO - Running combination 12/15:
2025-03-20 15:45:25,578 - INFO -   prune_data_flow = None
2025-03-20 15:45:25,578 - INFO -   prune_bias = True
2025-03-20 15:45:25,578 - INFO -   prune_weights = True
2025-03-20 15:45:25,578 - INFO -   prune_layers = ['decoder.stages.0.convs.0.conv', 'decoder.stages.1.convs.0.conv']
2025-03-20 15:47:11,445 - INFO - Finished combination 12/15
2025-03-20 15:47:11,445 - INFO - Running combination 13/15:
2025-03-20 15:47:11,445 - INFO -   prune_data_flow = None
2025-03-20 15:47:11,445 - INFO -   prune_bias = True
2025-03-20 15:47:11,445 - INFO -   prune_weights = True
2025-03-20 15:47:11,445 - INFO -   prune_layers = ['decoder.stages.0.convs.0.conv', 'decoder.stages.1.convs.0.conv', 'decoder.stages.2.convs.0.conv']
2025-03-20 15:48:58,243 - INFO - Finished combination 13/15
2025-03-20 15:48:58,244 - INFO - Running combination 14/15:
2025-03-20 15:48:58,244 - INFO -   prune_data_flow = None
2025-03-20 15:48:58,244 - INFO -   prune_bias = True
2025-03-20 15:48:58,244 - INFO -   prune_weights = True
2025-03-20 15:48:58,244 - INFO -   prune_layers = ['decoder.stages.0.convs.0.conv', 'decoder.stages.1.convs.0.conv', 'decoder.stages.2.convs.0.conv', 'decoder.stages.3.convs.0.conv']
2025-03-20 15:50:44,396 - INFO - Finished combination 14/15
2025-03-20 15:50:44,396 - INFO - Running combination 15/15:
2025-03-20 15:50:44,396 - INFO -   prune_data_flow = None
2025-03-20 15:50:44,396 - INFO -   prune_bias = True
2025-03-20 15:50:44,396 - INFO -   prune_weights = True
2025-03-20 15:50:44,396 - INFO -   prune_layers = ['decoder.stages.0.convs.0.conv', 'decoder.stages.1.convs.0.conv', 'decoder.stages.2.convs.0.conv', 'decoder.stages.3.convs.0.conv', 'decoder.stages.4.convs.0.conv']
2025-03-20 15:52:31,313 - INFO - Finished combination 15/15
2025-03-20 15:52:31,313 - INFO - Restored original config from prune_nnunet/config.yaml.backup
2025-03-20 15:52:31,313 - INFO - Parameter sweep completed
2025-03-20 23:13:41,536 - INFO - Created backup of original config at prune_nnunet/config.yaml.backup
2025-03-20 23:13:41,536 - INFO - Starting parameter sweep with 10 combinations
2025-03-20 23:13:41,536 - INFO - Running combination 1/10:
2025-03-20 23:13:41,536 - INFO -   abs_val = 0
2025-03-20 23:13:41,536 - INFO -   prune_bias = True
2025-03-20 23:13:41,536 - INFO -   prune_weights = True
2025-03-20 23:13:41,536 - INFO -   prune_layers = ['encoder.stages.5.0.convs.0.conv', 'encoder.stages.5.0.convs.1.conv', 'decoder.transpconvs.0']
2025-03-20 23:13:44,342 - INFO - Finished combination 1/10
2025-03-20 23:13:44,342 - INFO - Running combination 2/10:
2025-03-20 23:13:44,342 - INFO -   abs_val = 0
2025-03-20 23:13:44,342 - INFO -   prune_bias = True
2025-03-20 23:13:44,342 - INFO -   prune_weights = True
2025-03-20 23:13:44,342 - INFO -   prune_layers = ['encoder.stages.5.0.convs.0.conv', 'encoder.stages.5.0.convs.1.conv', 'decoder.transpconvs.0', 'decoder.transpconvs.1']
2025-03-20 23:13:47,087 - INFO - Finished combination 2/10
2025-03-20 23:13:47,087 - INFO - Running combination 3/10:
2025-03-20 23:13:47,088 - INFO -   abs_val = 0
2025-03-20 23:13:47,088 - INFO -   prune_bias = True
2025-03-20 23:13:47,088 - INFO -   prune_weights = True
2025-03-20 23:13:47,088 - INFO -   prune_layers = ['encoder.stages.5.0.convs.0.conv', 'encoder.stages.5.0.convs.1.conv', 'decoder.transpconvs.0', 'decoder.transpconvs.1', 'decoder.transpconvs.2']
2025-03-20 23:14:40,930 - INFO - Created backup of original config at prune_nnunet/config.yaml.backup
2025-03-20 23:14:40,930 - INFO - Starting parameter sweep with 10 combinations
2025-03-20 23:14:40,930 - INFO - Running combination 1/10:
2025-03-20 23:14:40,930 - INFO -   abs_val = 0
2025-03-20 23:14:40,930 - INFO -   prune_bias = True
2025-03-20 23:14:40,930 - INFO -   prune_weights = True
2025-03-20 23:14:40,930 - INFO -   prune_layers = ['encoder.stages.5.0.convs.0.conv', 'encoder.stages.5.0.convs.1.conv', 'decoder.transpconvs.0']
2025-03-20 23:14:43,723 - INFO - Finished combination 1/10
2025-03-20 23:14:43,723 - INFO - Running combination 2/10:
2025-03-20 23:14:43,723 - INFO -   abs_val = 0
2025-03-20 23:14:43,723 - INFO -   prune_bias = True
2025-03-20 23:14:43,723 - INFO -   prune_weights = True
2025-03-20 23:14:43,723 - INFO -   prune_layers = ['encoder.stages.5.0.convs.0.conv', 'encoder.stages.5.0.convs.1.conv', 'decoder.transpconvs.0', 'decoder.transpconvs.1']
2025-03-20 23:16:20,053 - INFO - Created backup of original config at prune_nnunet/config.yaml.backup
2025-03-20 23:16:20,054 - INFO - Starting parameter sweep with 10 combinations
2025-03-20 23:16:20,054 - INFO - Running combination 1/10:
2025-03-20 23:16:20,054 - INFO -   abs_val = 0
2025-03-20 23:16:20,054 - INFO -   prune_bias = True
2025-03-20 23:16:20,054 - INFO -   prune_weights = True
2025-03-20 23:16:20,054 - INFO -   prune_layers = ['encoder.stages.5.0.convs.0.conv', 'encoder.stages.5.0.convs.1.conv', 'decoder.transpconvs.0']
2025-03-20 23:16:22,871 - INFO - Finished combination 1/10
2025-03-20 23:16:22,871 - INFO - Running combination 2/10:
2025-03-20 23:16:22,871 - INFO -   abs_val = 0
2025-03-20 23:16:22,872 - INFO -   prune_bias = True
2025-03-20 23:16:22,872 - INFO -   prune_weights = True
2025-03-20 23:16:22,872 - INFO -   prune_layers = ['encoder.stages.5.0.convs.0.conv', 'encoder.stages.5.0.convs.1.conv', 'decoder.transpconvs.0', 'decoder.transpconvs.1']
2025-03-20 23:19:10,938 - INFO - Created backup of original config at prune_nnunet/config.yaml.backup
2025-03-20 23:19:10,938 - INFO - Starting parameter sweep with 10 combinations
2025-03-20 23:19:10,938 - INFO - Running combination 1/10:
2025-03-20 23:19:10,938 - INFO -   abs_val = 0
2025-03-20 23:19:10,938 - INFO -   prune_bias = True
2025-03-20 23:19:10,938 - INFO -   prune_weights = True
2025-03-20 23:19:10,938 - INFO -   prune_layers = ['encoder.stages.5.0.convs.0.conv', 'encoder.stages.5.0.convs.1.conv', 'decoder.transpconvs.0']
2025-03-20 23:19:13,870 - INFO - Finished combination 1/10
2025-03-20 23:19:13,871 - INFO - Running combination 2/10:
2025-03-20 23:19:13,871 - INFO -   abs_val = 0
2025-03-20 23:19:13,871 - INFO -   prune_bias = True
2025-03-20 23:19:13,871 - INFO -   prune_weights = True
2025-03-20 23:19:13,871 - INFO -   prune_layers = ['encoder.stages.5.0.convs.0.conv', 'encoder.stages.5.0.convs.1.conv', 'decoder.transpconvs.0', 'decoder.transpconvs.1']
2025-03-20 23:19:16,724 - INFO - Finished combination 2/10
2025-03-20 23:19:16,724 - INFO - Running combination 3/10:
2025-03-20 23:19:16,724 - INFO -   abs_val = 0
2025-03-20 23:19:16,724 - INFO -   prune_bias = True
2025-03-20 23:19:16,724 - INFO -   prune_weights = True
2025-03-20 23:19:16,724 - INFO -   prune_layers = ['encoder.stages.5.0.convs.0.conv', 'encoder.stages.5.0.convs.1.conv', 'decoder.transpconvs.0', 'decoder.transpconvs.1', 'decoder.transpconvs.2']
2025-03-20 23:19:19,601 - INFO - Finished combination 3/10
2025-03-20 23:19:19,601 - INFO - Running combination 4/10:
2025-03-20 23:19:19,601 - INFO -   abs_val = 0
2025-03-20 23:19:19,601 - INFO -   prune_bias = True
2025-03-20 23:19:19,601 - INFO -   prune_weights = True
2025-03-20 23:19:19,601 - INFO -   prune_layers = ['encoder.stages.5.0.convs.0.conv', 'encoder.stages.5.0.convs.1.conv', 'decoder.transpconvs.0', 'decoder.transpconvs.1', 'decoder.transpconvs.2', 'decoder.transpconvs.3']
2025-03-20 23:19:22,581 - INFO - Finished combination 4/10
2025-03-20 23:19:22,582 - INFO - Running combination 5/10:
2025-03-20 23:19:22,582 - INFO -   abs_val = 0
2025-03-20 23:19:22,582 - INFO -   prune_bias = True
2025-03-20 23:19:22,582 - INFO -   prune_weights = True
2025-03-20 23:19:22,582 - INFO -   prune_layers = ['encoder.stages.5.0.convs.0.conv', 'encoder.stages.5.0.convs.1.conv', 'decoder.transpconvs.0', 'decoder.transpconvs.1', 'decoder.transpconvs.2', 'decoder.transpconvs.3', 'decoder.transpconvs.4']
2025-03-20 23:21:10,221 - INFO - Created backup of original config at prune_nnunet/config.yaml.backup
2025-03-20 23:21:10,222 - INFO - Starting parameter sweep with 10 combinations
2025-03-20 23:21:10,222 - INFO - Running combination 1/10:
2025-03-20 23:21:10,222 - INFO -   abs_val = 0
2025-03-20 23:21:10,222 - INFO -   prune_bias = True
2025-03-20 23:21:10,222 - INFO -   prune_weights = True
2025-03-20 23:21:10,222 - INFO -   prune_layers = ['encoder.stages.5.0.convs.0.conv', 'encoder.stages.5.0.convs.1.conv', 'decoder.transpconvs.0']
2025-03-20 23:30:36,571 - INFO - Created backup of original config at prune_nnunet/config.yaml.backup
2025-03-20 23:30:36,571 - INFO - Starting parameter sweep with 10 combinations
2025-03-20 23:30:36,571 - INFO - Running combination 1/10:
2025-03-20 23:30:36,571 - INFO -   abs_val = 0
2025-03-20 23:30:36,571 - INFO -   prune_bias = True
2025-03-20 23:30:36,571 - INFO -   prune_weights = True
2025-03-20 23:30:36,572 - INFO -   prune_layers = ['encoder.stages.5.0.convs.0.conv', 'encoder.stages.5.0.convs.1.conv', 'decoder.transpconvs.0']
2025-03-20 23:30:39,533 - INFO - Finished combination 1/10
2025-03-20 23:30:39,533 - INFO - Running combination 2/10:
2025-03-20 23:30:39,533 - INFO -   abs_val = 0
2025-03-20 23:30:39,533 - INFO -   prune_bias = True
2025-03-20 23:30:39,533 - INFO -   prune_weights = True
2025-03-20 23:30:39,533 - INFO -   prune_layers = ['encoder.stages.5.0.convs.0.conv', 'encoder.stages.5.0.convs.1.conv', 'decoder.transpconvs.0', 'decoder.transpconvs.1']
2025-03-20 23:33:16,895 - INFO - Created backup of original config at prune_nnunet/config.yaml.backup
2025-03-20 23:33:16,895 - INFO - Starting parameter sweep with 10 combinations
2025-03-20 23:33:16,895 - INFO - Running combination 1/10:
2025-03-20 23:33:16,895 - INFO -   abs_val = 0
2025-03-20 23:33:16,895 - INFO -   prune_bias = True
2025-03-20 23:33:16,895 - INFO -   prune_weights = True
2025-03-20 23:33:16,895 - INFO -   prune_layers = ['encoder.stages.5.0.convs.0.conv', 'encoder.stages.5.0.convs.1.conv', 'decoder.transpconvs.0']
2025-03-20 23:33:20,545 - INFO - Finished combination 1/10
2025-03-20 23:33:20,545 - INFO - Running combination 2/10:
2025-03-20 23:33:20,545 - INFO -   abs_val = 0
2025-03-20 23:33:20,545 - INFO -   prune_bias = True
2025-03-20 23:33:20,545 - INFO -   prune_weights = True
2025-03-20 23:33:20,545 - INFO -   prune_layers = ['encoder.stages.5.0.convs.0.conv', 'encoder.stages.5.0.convs.1.conv', 'decoder.transpconvs.0', 'decoder.transpconvs.1']
2025-03-20 23:34:28,465 - INFO - Created backup of original config at prune_nnunet/config.yaml.backup
2025-03-20 23:34:28,465 - INFO - Starting parameter sweep with 10 combinations
2025-03-20 23:34:28,465 - INFO - Running combination 1/10:
2025-03-20 23:34:28,465 - INFO -   abs_val = 0
2025-03-20 23:34:28,465 - INFO -   prune_bias = True
2025-03-20 23:34:28,465 - INFO -   prune_weights = True
2025-03-20 23:34:28,465 - INFO -   prune_layers = ['encoder.stages.5.0.convs.0.conv', 'encoder.stages.5.0.convs.1.conv', 'decoder.transpconvs.0']
2025-03-20 23:34:31,868 - INFO - Finished combination 1/10
2025-03-20 23:34:31,868 - INFO - Running combination 2/10:
2025-03-20 23:34:31,868 - INFO -   abs_val = 0
2025-03-20 23:34:31,868 - INFO -   prune_bias = True
2025-03-20 23:34:31,868 - INFO -   prune_weights = True
2025-03-20 23:34:31,868 - INFO -   prune_layers = ['encoder.stages.5.0.convs.0.conv', 'encoder.stages.5.0.convs.1.conv', 'decoder.transpconvs.0', 'decoder.transpconvs.1']
2025-03-20 23:46:40,317 - INFO - Created backup of original config at prune_nnunet/config.yaml.backup
2025-03-20 23:46:40,317 - INFO - Starting parameter sweep with 10 combinations
2025-03-20 23:46:40,317 - INFO - Running combination 1/10:
2025-03-20 23:46:40,317 - INFO -   abs_val = 0
2025-03-20 23:46:40,317 - INFO -   prune_bias = True
2025-03-20 23:46:40,318 - INFO -   prune_weights = True
2025-03-20 23:46:40,318 - INFO -   prune_layers = ['encoder.stages.5.0.convs.0.conv', 'encoder.stages.5.0.convs.1.conv', 'decoder.transpconvs.0']
2025-03-20 23:47:00,769 - INFO - Finished combination 1/10
2025-03-20 23:47:00,769 - INFO - Running combination 2/10:
2025-03-20 23:47:00,769 - INFO -   abs_val = 0
2025-03-20 23:47:00,769 - INFO -   prune_bias = True
2025-03-20 23:47:00,769 - INFO -   prune_weights = True
2025-03-20 23:47:00,769 - INFO -   prune_layers = ['encoder.stages.5.0.convs.0.conv', 'encoder.stages.5.0.convs.1.conv', 'decoder.transpconvs.0', 'decoder.transpconvs.1']
2025-03-20 23:50:19,361 - INFO - Created backup of original config at prune_nnunet/config.yaml.backup
2025-03-20 23:50:19,361 - INFO - Starting parameter sweep with 10 combinations
2025-03-20 23:50:19,361 - INFO - Running combination 1/10:
2025-03-20 23:50:19,361 - INFO -   abs_val = 0
2025-03-20 23:50:19,361 - INFO -   prune_bias = True
2025-03-20 23:50:19,361 - INFO -   prune_weights = True
2025-03-20 23:50:19,361 - INFO -   prune_layers = ['encoder.stages.5.0.convs.0.conv', 'encoder.stages.5.0.convs.1.conv', 'decoder.transpconvs.0']
2025-03-20 23:53:19,299 - INFO - Created backup of original config at prune_nnunet/config.yaml.backup
2025-03-20 23:53:19,299 - INFO - Starting parameter sweep with 10 combinations
2025-03-20 23:53:19,299 - INFO - Running combination 1/10:
2025-03-20 23:53:19,299 - INFO -   abs_val = 0
2025-03-20 23:53:19,299 - INFO -   prune_bias = True
2025-03-20 23:53:19,299 - INFO -   prune_weights = True
2025-03-20 23:53:19,299 - INFO -   prune_layers = ['encoder.stages.5.0.convs.0.conv', 'encoder.stages.5.0.convs.1.conv', 'decoder.transpconvs.0']
2025-03-21 00:05:31,649 - INFO - Created backup of original config at prune_nnunet/config.yaml.backup
2025-03-21 00:05:31,649 - INFO - Starting parameter sweep with 10 combinations
2025-03-21 00:05:31,649 - INFO - Running combination 1/10:
2025-03-21 00:05:31,649 - INFO -   abs_val = 0
2025-03-21 00:05:31,649 - INFO -   prune_bias = True
2025-03-21 00:05:31,649 - INFO -   prune_weights = True
2025-03-21 00:05:31,649 - INFO -   prune_layers = ['encoder.stages.5.0.convs.0.conv', 'encoder.stages.5.0.convs.1.conv', 'decoder.transpconvs.0']
2025-03-21 00:05:35,250 - INFO - Finished combination 1/10
2025-03-21 00:05:35,250 - INFO - Running combination 2/10:
2025-03-21 00:05:35,250 - INFO -   abs_val = 0
2025-03-21 00:05:35,250 - INFO -   prune_bias = True
2025-03-21 00:05:35,250 - INFO -   prune_weights = True
2025-03-21 00:05:35,250 - INFO -   prune_layers = ['encoder.stages.5.0.convs.0.conv', 'encoder.stages.5.0.convs.1.conv', 'decoder.transpconvs.0', 'decoder.transpconvs.1']
2025-03-21 00:06:14,225 - INFO - Created backup of original config at prune_nnunet/config.yaml.backup
2025-03-21 00:06:14,225 - INFO - Starting parameter sweep with 10 combinations
2025-03-21 00:06:14,225 - INFO - Running combination 1/10:
2025-03-21 00:06:14,225 - INFO -   abs_val = 0
2025-03-21 00:06:14,226 - INFO -   prune_bias = True
2025-03-21 00:06:14,226 - INFO -   prune_weights = True
2025-03-21 00:06:14,226 - INFO -   prune_layers = ['encoder.stages.5.0.convs.0.conv', 'encoder.stages.5.0.convs.1.conv', 'decoder.transpconvs.0']
2025-03-21 00:06:35,741 - INFO - Finished combination 1/10
2025-03-21 00:06:35,742 - INFO - Running combination 2/10:
2025-03-21 00:06:35,742 - INFO -   abs_val = 0
2025-03-21 00:06:35,742 - INFO -   prune_bias = True
2025-03-21 00:06:35,742 - INFO -   prune_weights = True
2025-03-21 00:06:35,742 - INFO -   prune_layers = ['encoder.stages.5.0.convs.0.conv', 'encoder.stages.5.0.convs.1.conv', 'decoder.transpconvs.0', 'decoder.transpconvs.1']
2025-03-21 00:06:56,114 - INFO - Finished combination 2/10
2025-03-21 00:06:56,114 - INFO - Running combination 3/10:
2025-03-21 00:06:56,114 - INFO -   abs_val = 0
2025-03-21 00:06:56,114 - INFO -   prune_bias = True
2025-03-21 00:06:56,114 - INFO -   prune_weights = True
2025-03-21 00:06:56,114 - INFO -   prune_layers = ['encoder.stages.5.0.convs.0.conv', 'encoder.stages.5.0.convs.1.conv', 'decoder.transpconvs.0', 'decoder.transpconvs.1', 'decoder.transpconvs.2']
2025-03-21 00:15:10,971 - INFO - Created backup of original config at prune_nnunet/config.yaml.backup
2025-03-21 00:15:10,971 - INFO - Starting parameter sweep with 10 combinations
2025-03-21 00:15:10,971 - INFO - Running combination 1/10:
2025-03-21 00:15:10,971 - INFO -   abs_val = 0
2025-03-21 00:15:10,971 - INFO -   prune_bias = True
2025-03-21 00:15:10,971 - INFO -   prune_weights = True
2025-03-21 00:15:10,971 - INFO -   prune_layers = ['encoder.stages.5.0.convs.0.conv', 'encoder.stages.5.0.convs.1.conv', 'decoder.transpconvs.0']
2025-03-21 00:15:31,739 - INFO - Finished combination 1/10
2025-03-21 00:15:31,739 - INFO - Running combination 2/10:
2025-03-21 00:15:31,739 - INFO -   abs_val = 0
2025-03-21 00:15:31,739 - INFO -   prune_bias = True
2025-03-21 00:15:31,739 - INFO -   prune_weights = True
2025-03-21 00:15:31,739 - INFO -   prune_layers = ['encoder.stages.5.0.convs.0.conv', 'encoder.stages.5.0.convs.1.conv', 'decoder.transpconvs.0', 'decoder.transpconvs.1']
2025-03-21 00:15:52,351 - INFO - Finished combination 2/10
2025-03-21 00:15:52,352 - INFO - Running combination 3/10:
2025-03-21 00:15:52,352 - INFO -   abs_val = 0
2025-03-21 00:15:52,352 - INFO -   prune_bias = True
2025-03-21 00:15:52,352 - INFO -   prune_weights = True
2025-03-21 00:15:52,352 - INFO -   prune_layers = ['encoder.stages.5.0.convs.0.conv', 'encoder.stages.5.0.convs.1.conv', 'decoder.transpconvs.0', 'decoder.transpconvs.1', 'decoder.transpconvs.2']
2025-03-21 00:16:12,683 - INFO - Finished combination 3/10
2025-03-21 00:16:12,683 - INFO - Running combination 4/10:
2025-03-21 00:16:12,683 - INFO -   abs_val = 0
2025-03-21 00:16:12,683 - INFO -   prune_bias = True
2025-03-21 00:16:12,683 - INFO -   prune_weights = True
2025-03-21 00:16:12,684 - INFO -   prune_layers = ['encoder.stages.5.0.convs.0.conv', 'encoder.stages.5.0.convs.1.conv', 'decoder.transpconvs.0', 'decoder.transpconvs.1', 'decoder.transpconvs.2', 'decoder.transpconvs.3']
2025-03-21 00:16:33,070 - INFO - Finished combination 4/10
2025-03-21 00:16:33,070 - INFO - Running combination 5/10:
2025-03-21 00:16:33,070 - INFO -   abs_val = 0
2025-03-21 00:16:33,070 - INFO -   prune_bias = True
2025-03-21 00:16:33,070 - INFO -   prune_weights = True
2025-03-21 00:16:33,070 - INFO -   prune_layers = ['encoder.stages.5.0.convs.0.conv', 'encoder.stages.5.0.convs.1.conv', 'decoder.transpconvs.0', 'decoder.transpconvs.1', 'decoder.transpconvs.2', 'decoder.transpconvs.3', 'decoder.transpconvs.4']
2025-03-21 00:24:00,058 - INFO - Created backup of original config at prune_nnunet/config.yaml.backup
2025-03-21 00:24:00,058 - INFO - Starting parameter sweep with 10 combinations
2025-03-21 00:24:00,058 - INFO - Running combination 1/10:
2025-03-21 00:24:00,058 - INFO -   abs_val = 0
2025-03-21 00:24:00,058 - INFO -   prune_bias = True
2025-03-21 00:24:00,058 - INFO -   prune_weights = True
2025-03-21 00:24:00,058 - INFO -   prune_layers = ['encoder.stages.5.0.convs.0.conv', 'encoder.stages.5.0.convs.1.conv', 'decoder.transpconvs.0']
2025-03-21 00:25:10,138 - INFO - Created backup of original config at prune_nnunet/config.yaml.backup
2025-03-21 00:25:10,138 - INFO - Starting parameter sweep with 10 combinations
2025-03-21 00:25:10,138 - INFO - Running combination 1/10:
2025-03-21 00:25:10,138 - INFO -   abs_val = 0
2025-03-21 00:25:10,138 - INFO -   prune_bias = True
2025-03-21 00:25:10,138 - INFO -   prune_weights = True
2025-03-21 00:25:10,138 - INFO -   prune_layers = ['encoder.stages.5.0.convs.0.conv', 'encoder.stages.5.0.convs.1.conv', 'decoder.transpconvs.0']
2025-03-21 00:26:59,274 - INFO - Finished combination 1/10
2025-03-21 00:26:59,274 - INFO - Running combination 2/10:
2025-03-21 00:26:59,274 - INFO -   abs_val = 0
2025-03-21 00:26:59,274 - INFO -   prune_bias = True
2025-03-21 00:26:59,274 - INFO -   prune_weights = True
2025-03-21 00:26:59,274 - INFO -   prune_layers = ['encoder.stages.5.0.convs.0.conv', 'encoder.stages.5.0.convs.1.conv', 'decoder.transpconvs.0', 'decoder.transpconvs.1']
2025-03-21 00:28:46,799 - INFO - Finished combination 2/10
2025-03-21 00:28:46,799 - INFO - Running combination 3/10:
2025-03-21 00:28:46,799 - INFO -   abs_val = 0
2025-03-21 00:28:46,799 - INFO -   prune_bias = True
2025-03-21 00:28:46,799 - INFO -   prune_weights = True
2025-03-21 00:28:46,799 - INFO -   prune_layers = ['encoder.stages.5.0.convs.0.conv', 'encoder.stages.5.0.convs.1.conv', 'decoder.transpconvs.0', 'decoder.transpconvs.1', 'decoder.transpconvs.2']
2025-03-21 00:30:34,065 - INFO - Finished combination 3/10
2025-03-21 00:30:34,065 - INFO - Running combination 4/10:
2025-03-21 00:30:34,065 - INFO -   abs_val = 0
2025-03-21 00:30:34,065 - INFO -   prune_bias = True
2025-03-21 00:30:34,065 - INFO -   prune_weights = True
2025-03-21 00:30:34,065 - INFO -   prune_layers = ['encoder.stages.5.0.convs.0.conv', 'encoder.stages.5.0.convs.1.conv', 'decoder.transpconvs.0', 'decoder.transpconvs.1', 'decoder.transpconvs.2', 'decoder.transpconvs.3']
2025-03-21 00:32:22,426 - INFO - Finished combination 4/10
2025-03-21 00:32:22,426 - INFO - Running combination 5/10:
2025-03-21 00:32:22,426 - INFO -   abs_val = 0
2025-03-21 00:32:22,427 - INFO -   prune_bias = True
2025-03-21 00:32:22,427 - INFO -   prune_weights = True
2025-03-21 00:32:22,427 - INFO -   prune_layers = ['encoder.stages.5.0.convs.0.conv', 'encoder.stages.5.0.convs.1.conv', 'decoder.transpconvs.0', 'decoder.transpconvs.1', 'decoder.transpconvs.2', 'decoder.transpconvs.3', 'decoder.transpconvs.4']
2025-03-21 00:34:09,769 - INFO - Finished combination 5/10
2025-03-21 00:34:09,769 - INFO - Running combination 6/10:
2025-03-21 00:34:09,769 - INFO -   abs_val = 9
2025-03-21 00:34:09,769 - INFO -   prune_bias = True
2025-03-21 00:34:09,769 - INFO -   prune_weights = True
2025-03-21 00:34:09,769 - INFO -   prune_layers = ['encoder.stages.5.0.convs.0.conv', 'encoder.stages.5.0.convs.1.conv', 'decoder.transpconvs.0']
2025-03-21 00:35:57,453 - INFO - Finished combination 6/10
2025-03-21 00:35:57,453 - INFO - Running combination 7/10:
2025-03-21 00:35:57,453 - INFO -   abs_val = 9
2025-03-21 00:35:57,453 - INFO -   prune_bias = True
2025-03-21 00:35:57,453 - INFO -   prune_weights = True
2025-03-21 00:35:57,453 - INFO -   prune_layers = ['encoder.stages.5.0.convs.0.conv', 'encoder.stages.5.0.convs.1.conv', 'decoder.transpconvs.0', 'decoder.transpconvs.1']
2025-03-21 00:37:45,634 - INFO - Finished combination 7/10
2025-03-21 00:37:45,634 - INFO - Running combination 8/10:
2025-03-21 00:37:45,634 - INFO -   abs_val = 9
2025-03-21 00:37:45,634 - INFO -   prune_bias = True
2025-03-21 00:37:45,634 - INFO -   prune_weights = True
2025-03-21 00:37:45,634 - INFO -   prune_layers = ['encoder.stages.5.0.convs.0.conv', 'encoder.stages.5.0.convs.1.conv', 'decoder.transpconvs.0', 'decoder.transpconvs.1', 'decoder.transpconvs.2']
2025-03-21 00:39:33,198 - INFO - Finished combination 8/10
2025-03-21 00:39:33,198 - INFO - Running combination 9/10:
2025-03-21 00:39:33,198 - INFO -   abs_val = 9
2025-03-21 00:39:33,198 - INFO -   prune_bias = True
2025-03-21 00:39:33,198 - INFO -   prune_weights = True
2025-03-21 00:39:33,198 - INFO -   prune_layers = ['encoder.stages.5.0.convs.0.conv', 'encoder.stages.5.0.convs.1.conv', 'decoder.transpconvs.0', 'decoder.transpconvs.1', 'decoder.transpconvs.2', 'decoder.transpconvs.3']
2025-03-21 00:41:20,964 - INFO - Finished combination 9/10
2025-03-21 00:41:20,964 - INFO - Running combination 10/10:
2025-03-21 00:41:20,964 - INFO -   abs_val = 9
2025-03-21 00:41:20,964 - INFO -   prune_bias = True
2025-03-21 00:41:20,964 - INFO -   prune_weights = True
2025-03-21 00:41:20,964 - INFO -   prune_layers = ['encoder.stages.5.0.convs.0.conv', 'encoder.stages.5.0.convs.1.conv', 'decoder.transpconvs.0', 'decoder.transpconvs.1', 'decoder.transpconvs.2', 'decoder.transpconvs.3', 'decoder.transpconvs.4']
2025-03-21 00:43:08,425 - INFO - Finished combination 10/10
2025-03-21 00:43:08,425 - INFO - Restored original config from prune_nnunet/config.yaml.backup
2025-03-21 00:43:08,425 - INFO - Parameter sweep completed
2025-03-21 10:10:59,554 - INFO - Created backup of original config at prune_nnunet/config.yaml.backup
2025-03-21 10:10:59,554 - INFO - Starting parameter sweep with 15 combinations
2025-03-21 10:10:59,554 - INFO - Running combination 1/15:
2025-03-21 10:10:59,554 - INFO -   prune_data_flow = encoder
2025-03-21 10:10:59,554 - INFO -   prune_bias = True
2025-03-21 10:10:59,554 - INFO -   prune_weights = True
2025-03-21 10:10:59,554 - INFO -   prune_layers = ['decoder.stages.0.convs.0.conv']
2025-03-21 10:12:48,587 - INFO - Finished combination 1/15
2025-03-21 10:12:48,587 - INFO - Running combination 2/15:
2025-03-21 10:12:48,587 - INFO -   prune_data_flow = encoder
2025-03-21 10:12:48,587 - INFO -   prune_bias = True
2025-03-21 10:12:48,587 - INFO -   prune_weights = True
2025-03-21 10:12:48,587 - INFO -   prune_layers = ['decoder.stages.0.convs.0.conv', 'decoder.stages.1.convs.0.conv']
2025-03-21 10:14:52,807 - INFO - Created backup of original config at prune_nnunet/config.yaml.backup
2025-03-21 10:14:52,807 - INFO - Starting parameter sweep with 15 combinations
2025-03-21 10:14:52,807 - INFO - Running combination 1/15:
2025-03-21 10:14:52,807 - INFO -   prune_data_flow = encoder
2025-03-21 10:14:52,807 - INFO -   prune_bias = True
2025-03-21 10:14:52,807 - INFO -   prune_weights = True
2025-03-21 10:14:52,807 - INFO -   prune_layers = ['decoder.stages.0.convs.0.conv']
2025-03-21 10:16:39,852 - INFO - Finished combination 1/15
2025-03-21 10:16:39,852 - INFO - Running combination 2/15:
2025-03-21 10:16:39,852 - INFO -   prune_data_flow = encoder
2025-03-21 10:16:39,852 - INFO -   prune_bias = True
2025-03-21 10:16:39,852 - INFO -   prune_weights = True
2025-03-21 10:16:39,852 - INFO -   prune_layers = ['decoder.stages.0.convs.0.conv', 'decoder.stages.1.convs.0.conv']
2025-03-21 10:18:27,667 - INFO - Finished combination 2/15
2025-03-21 10:18:27,668 - INFO - Running combination 3/15:
2025-03-21 10:18:27,668 - INFO -   prune_data_flow = encoder
2025-03-21 10:18:27,668 - INFO -   prune_bias = True
2025-03-21 10:18:27,668 - INFO -   prune_weights = True
2025-03-21 10:18:27,668 - INFO -   prune_layers = ['decoder.stages.0.convs.0.conv', 'decoder.stages.1.convs.0.conv', 'decoder.stages.2.convs.0.conv']
2025-03-21 10:20:14,845 - INFO - Finished combination 3/15
2025-03-21 10:20:14,846 - INFO - Running combination 4/15:
2025-03-21 10:20:14,846 - INFO -   prune_data_flow = encoder
2025-03-21 10:20:14,846 - INFO -   prune_bias = True
2025-03-21 10:20:14,846 - INFO -   prune_weights = True
2025-03-21 10:20:14,846 - INFO -   prune_layers = ['decoder.stages.0.convs.0.conv', 'decoder.stages.1.convs.0.conv', 'decoder.stages.2.convs.0.conv', 'decoder.stages.3.convs.0.conv']
2025-03-21 10:22:02,973 - INFO - Finished combination 4/15
2025-03-21 10:22:02,973 - INFO - Running combination 5/15:
2025-03-21 10:22:02,973 - INFO -   prune_data_flow = encoder
2025-03-21 10:22:02,973 - INFO -   prune_bias = True
2025-03-21 10:22:02,973 - INFO -   prune_weights = True
2025-03-21 10:22:02,973 - INFO -   prune_layers = ['decoder.stages.0.convs.0.conv', 'decoder.stages.1.convs.0.conv', 'decoder.stages.2.convs.0.conv', 'decoder.stages.3.convs.0.conv', 'decoder.stages.4.convs.0.conv']
2025-03-21 10:23:50,780 - INFO - Finished combination 5/15
2025-03-21 10:23:50,781 - INFO - Running combination 6/15:
2025-03-21 10:23:50,781 - INFO -   prune_data_flow = decoder
2025-03-21 10:23:50,781 - INFO -   prune_bias = True
2025-03-21 10:23:50,781 - INFO -   prune_weights = True
2025-03-21 10:23:50,781 - INFO -   prune_layers = ['decoder.stages.0.convs.0.conv']
2025-03-21 10:25:37,946 - INFO - Finished combination 6/15
2025-03-21 10:25:37,946 - INFO - Running combination 7/15:
2025-03-21 10:25:37,946 - INFO -   prune_data_flow = decoder
2025-03-21 10:25:37,946 - INFO -   prune_bias = True
2025-03-21 10:25:37,946 - INFO -   prune_weights = True
2025-03-21 10:25:37,946 - INFO -   prune_layers = ['decoder.stages.0.convs.0.conv', 'decoder.stages.1.convs.0.conv']
2025-03-21 10:27:25,090 - INFO - Finished combination 7/15
2025-03-21 10:27:25,090 - INFO - Running combination 8/15:
2025-03-21 10:27:25,090 - INFO -   prune_data_flow = decoder
2025-03-21 10:27:25,090 - INFO -   prune_bias = True
2025-03-21 10:27:25,090 - INFO -   prune_weights = True
2025-03-21 10:27:25,090 - INFO -   prune_layers = ['decoder.stages.0.convs.0.conv', 'decoder.stages.1.convs.0.conv', 'decoder.stages.2.convs.0.conv']
2025-03-21 10:29:12,079 - INFO - Finished combination 8/15
2025-03-21 10:29:12,079 - INFO - Running combination 9/15:
2025-03-21 10:29:12,079 - INFO -   prune_data_flow = decoder
2025-03-21 10:29:12,079 - INFO -   prune_bias = True
2025-03-21 10:29:12,079 - INFO -   prune_weights = True
2025-03-21 10:29:12,079 - INFO -   prune_layers = ['decoder.stages.0.convs.0.conv', 'decoder.stages.1.convs.0.conv', 'decoder.stages.2.convs.0.conv', 'decoder.stages.3.convs.0.conv']
2025-03-21 10:30:58,426 - INFO - Finished combination 9/15
2025-03-21 10:30:58,426 - INFO - Running combination 10/15:
2025-03-21 10:30:58,426 - INFO -   prune_data_flow = decoder
2025-03-21 10:30:58,426 - INFO -   prune_bias = True
2025-03-21 10:30:58,426 - INFO -   prune_weights = True
2025-03-21 10:30:58,426 - INFO -   prune_layers = ['decoder.stages.0.convs.0.conv', 'decoder.stages.1.convs.0.conv', 'decoder.stages.2.convs.0.conv', 'decoder.stages.3.convs.0.conv', 'decoder.stages.4.convs.0.conv']
2025-03-21 10:32:44,782 - INFO - Finished combination 10/15
2025-03-21 10:32:44,782 - INFO - Running combination 11/15:
2025-03-21 10:32:44,782 - INFO -   prune_data_flow = None
2025-03-21 10:32:44,782 - INFO -   prune_bias = True
2025-03-21 10:32:44,782 - INFO -   prune_weights = True
2025-03-21 10:32:44,782 - INFO -   prune_layers = ['decoder.stages.0.convs.0.conv']
2025-03-21 10:34:31,281 - INFO - Finished combination 11/15
2025-03-21 10:34:31,281 - INFO - Running combination 12/15:
2025-03-21 10:34:31,281 - INFO -   prune_data_flow = None
2025-03-21 10:34:31,281 - INFO -   prune_bias = True
2025-03-21 10:34:31,281 - INFO -   prune_weights = True
2025-03-21 10:34:31,281 - INFO -   prune_layers = ['decoder.stages.0.convs.0.conv', 'decoder.stages.1.convs.0.conv']
2025-03-21 10:36:19,799 - INFO - Finished combination 12/15
2025-03-21 10:36:19,799 - INFO - Running combination 13/15:
2025-03-21 10:36:19,799 - INFO -   prune_data_flow = None
2025-03-21 10:36:19,799 - INFO -   prune_bias = True
2025-03-21 10:36:19,799 - INFO -   prune_weights = True
2025-03-21 10:36:19,799 - INFO -   prune_layers = ['decoder.stages.0.convs.0.conv', 'decoder.stages.1.convs.0.conv', 'decoder.stages.2.convs.0.conv']
2025-03-21 10:38:06,551 - INFO - Finished combination 13/15
2025-03-21 10:38:06,551 - INFO - Running combination 14/15:
2025-03-21 10:38:06,551 - INFO -   prune_data_flow = None
2025-03-21 10:38:06,551 - INFO -   prune_bias = True
2025-03-21 10:38:06,551 - INFO -   prune_weights = True
2025-03-21 10:38:06,551 - INFO -   prune_layers = ['decoder.stages.0.convs.0.conv', 'decoder.stages.1.convs.0.conv', 'decoder.stages.2.convs.0.conv', 'decoder.stages.3.convs.0.conv']
2025-03-21 10:39:53,469 - INFO - Finished combination 14/15
2025-03-21 10:39:53,469 - INFO - Running combination 15/15:
2025-03-21 10:39:53,469 - INFO -   prune_data_flow = None
2025-03-21 10:39:53,469 - INFO -   prune_bias = True
2025-03-21 10:39:53,469 - INFO -   prune_weights = True
2025-03-21 10:39:53,470 - INFO -   prune_layers = ['decoder.stages.0.convs.0.conv', 'decoder.stages.1.convs.0.conv', 'decoder.stages.2.convs.0.conv', 'decoder.stages.3.convs.0.conv', 'decoder.stages.4.convs.0.conv']
2025-03-21 10:41:40,697 - INFO - Finished combination 15/15
2025-03-21 10:41:40,697 - INFO - Restored original config from prune_nnunet/config.yaml.backup
2025-03-21 10:41:40,697 - INFO - Parameter sweep completed
